10:18:56.160 [restartedMain] INFO  c.r.RuoYiApplication - [logStarting,55] - Starting RuoYiApplication using Java 17.0.15 on Jetts-MacBook.local with PID 42059 (/Users/jett/code/school/javaDesign/studentGradeBackend/ruoyi-admin/target/classes started by jett in /Users/jett/code/school/javaDesign/studentGradeBackend)
10:18:56.162 [background-preinit] INFO  o.h.v.i.util.Version - [<clinit>,21] - HV000001: Hibernate Validator 6.2.5.Final
10:18:56.162 [restartedMain] INFO  c.r.RuoYiApplication - [logStartupProfileInfo,686] - The following 1 profile is active: "druid"
10:18:57.310 [restartedMain] INFO  o.a.c.h.Http11NioProtocol - [log,173] - Initializing ProtocolHandler ["http-nio-8080"]
10:18:57.311 [restartedMain] INFO  o.a.c.c.StandardService - [log,173] - Starting service [Tomcat]
10:18:57.311 [restartedMain] INFO  o.a.c.c.StandardEngine - [log,173] - Starting Servlet engine: [Apache Tomcat/9.0.96]
10:18:57.341 [restartedMain] INFO  o.a.c.c.C.[.[.[/] - [log,173] - Initializing Spring embedded WebApplicationContext
10:18:57.982 [restartedMain] INFO  c.a.d.p.DruidDataSource - [init,1002] - {dataSource-1} inited
10:18:58.964 [restartedMain] INFO  o.q.i.StdSchedulerFactory - [instantiate,1220] - Using default implementation for ThreadExecutor
10:18:58.969 [restartedMain] INFO  o.q.c.SchedulerSignalerImpl - [<init>,61] - Initialized Scheduler Signaller of type: class org.quartz.core.SchedulerSignalerImpl
10:18:58.969 [restartedMain] INFO  o.q.c.QuartzScheduler - [<init>,229] - Quartz Scheduler v.2.3.2 created.
10:18:58.969 [restartedMain] INFO  o.q.s.RAMJobStore - [initialize,155] - RAMJobStore initialized.
10:18:58.969 [restartedMain] INFO  o.q.c.QuartzScheduler - [initialize,294] - Scheduler meta-data: Quartz Scheduler (v2.3.2) 'quartzScheduler' with instanceId 'NON_CLUSTERED'
  Scheduler class: 'org.quartz.core.QuartzScheduler' - running locally.
  NOT STARTED.
  Currently in standby mode.
  Number of jobs executed: 0
  Using thread pool 'org.quartz.simpl.SimpleThreadPool' - with 10 threads.
  Using job-store 'org.quartz.simpl.RAMJobStore' - which does not support persistence. and is not clustered.

10:18:58.969 [restartedMain] INFO  o.q.i.StdSchedulerFactory - [instantiate,1374] - Quartz scheduler 'quartzScheduler' initialized from an externally provided properties instance.
10:18:58.969 [restartedMain] INFO  o.q.i.StdSchedulerFactory - [instantiate,1378] - Quartz scheduler version: 2.3.2
10:18:58.970 [restartedMain] INFO  o.q.c.QuartzScheduler - [setJobFactory,2293] - JobFactory set to: org.springframework.scheduling.quartz.SpringBeanJobFactory@6876bb51
10:18:59.263 [restartedMain] INFO  o.a.e.i.c.ProcessEngineConfigurationImpl - [initConfigurators,1551] - Found 1 Process Engine Configurators in total:
10:18:59.263 [restartedMain] INFO  o.a.e.i.c.ProcessEngineConfigurationImpl - [initConfigurators,1553] - class org.activiti.spring.process.conf.ProcessExtensionsConfiguratorAutoConfiguration$$EnhancerBySpringCGLIB$$d502b5b8 (priority:10000)
10:18:59.264 [restartedMain] INFO  o.a.e.i.c.ProcessEngineConfigurationImpl - [configuratorsBeforeInit,1563] - Executing beforeInit() of class org.activiti.spring.process.conf.ProcessExtensionsConfiguratorAutoConfiguration$$EnhancerBySpringCGLIB$$d502b5b8 (priority:10000)
10:18:59.474 [restartedMain] INFO  o.a.e.i.c.ProcessEngineConfigurationImpl - [configuratorsAfterInit,1570] - Executing configure() of class org.activiti.spring.process.conf.ProcessExtensionsConfiguratorAutoConfiguration$$EnhancerBySpringCGLIB$$d502b5b8 (priority:10000)
10:18:59.494 [restartedMain] INFO  o.a.e.i.ProcessEngineImpl - [<init>,74] - ProcessEngine default created
10:18:59.495 [restartedMain] INFO  o.a.e.i.a.DefaultAsyncJobExecutor - [start,169] - Starting up the default async job executor [org.activiti.spring.SpringAsyncExecutor].
10:18:59.495 [Thread-4] INFO  o.a.e.i.a.AcquireAsyncJobsDueRunnable - [run,45] - {} starting to acquire async jobs due
10:18:59.495 [Thread-5] INFO  o.a.e.i.a.AcquireTimerJobsRunnable - [run,49] - {} starting to acquire async jobs due
10:18:59.495 [Thread-6] INFO  o.a.e.i.a.ResetExpiredJobsRunnable - [run,51] - {} starting to reset expired jobs
10:19:00.833 [restartedMain] INFO  o.a.c.h.Http11NioProtocol - [log,173] - Starting ProtocolHandler ["http-nio-8080"]
10:19:01.030 [restartedMain] INFO  o.a.s.AbstractActivitiSmartLifeCycle - [start,66] - Starting...
10:19:01.072 [restartedMain] INFO  o.a.s.AbstractActivitiSmartLifeCycle - [start,71] - Started.
10:19:01.072 [restartedMain] INFO  o.a.s.AbstractActivitiSmartLifeCycle - [start,66] - Starting...
10:19:01.078 [restartedMain] INFO  o.a.s.AbstractActivitiSmartLifeCycle - [start,71] - Started.
10:19:01.078 [restartedMain] INFO  o.q.c.QuartzScheduler - [start,547] - Scheduler quartzScheduler_$_NON_CLUSTERED started.
10:19:01.089 [restartedMain] INFO  c.r.RuoYiApplication - [logStarted,61] - Started RuoYiApplication in 5.081 seconds (JVM running for 5.512)
10:19:01.392 [RMI TCP Connection(3)-127.0.0.1] INFO  o.a.c.c.C.[.[.[/] - [log,173] - Initializing Spring DispatcherServlet 'dispatcherServlet'
10:22:30.353 [schedule-pool-1] INFO  sys-user - [run,55] - [127.0.0.1]内网IP[admin][Success][登录成功]
10:23:49.247 [SpringApplicationShutdownHook] INFO  o.a.s.AbstractActivitiSmartLifeCycle - [stop,80] - Stopping...
10:23:49.247 [SpringApplicationShutdownHook] INFO  o.a.s.AbstractActivitiSmartLifeCycle - [stop,84] - Stopped.
10:23:49.247 [SpringApplicationShutdownHook] INFO  o.a.s.AbstractActivitiSmartLifeCycle - [stop,80] - Stopping...
10:23:49.248 [SpringApplicationShutdownHook] INFO  o.a.s.AbstractActivitiSmartLifeCycle - [stop,84] - Stopped.
10:23:49.248 [SpringApplicationShutdownHook] INFO  o.q.c.QuartzScheduler - [standby,585] - Scheduler quartzScheduler_$_NON_CLUSTERED paused.
10:23:49.264 [SpringApplicationShutdownHook] INFO  o.a.e.i.a.DefaultAsyncJobExecutor - [shutdown,208] - Shutting down the default async job executor [org.activiti.spring.SpringAsyncExecutor].
10:23:49.264 [activiti-reset-expired-jobs] INFO  o.a.e.i.a.ResetExpiredJobsRunnable - [run,99] - {} stopped resetting expired jobs
10:23:49.264 [activiti-acquire-async-jobs] INFO  o.a.e.i.a.AcquireAsyncJobsDueRunnable - [run,115] - {} stopped async job due acquisition
10:23:49.264 [activiti-acquire-timer-jobs] INFO  o.a.e.i.a.AcquireTimerJobsRunnable - [run,115] - {} stopped async job due acquisition
10:23:49.264 [SpringApplicationShutdownHook] INFO  o.q.c.QuartzScheduler - [shutdown,666] - Scheduler quartzScheduler_$_NON_CLUSTERED shutting down.
10:23:49.264 [SpringApplicationShutdownHook] INFO  o.q.c.QuartzScheduler - [standby,585] - Scheduler quartzScheduler_$_NON_CLUSTERED paused.
10:23:49.265 [SpringApplicationShutdownHook] INFO  o.q.c.QuartzScheduler - [shutdown,740] - Scheduler quartzScheduler_$_NON_CLUSTERED shutdown complete.
10:23:49.265 [SpringApplicationShutdownHook] INFO  sys-user - [shutdownAsyncManager,31] - ====关闭后台任务任务线程池====
10:23:49.267 [SpringApplicationShutdownHook] INFO  c.a.d.p.DruidDataSource - [close,2204] - {dataSource-1} closing ...
10:23:49.269 [SpringApplicationShutdownHook] INFO  c.a.d.p.DruidDataSource - [close,2277] - {dataSource-1} closed
10:23:55.432 [restartedMain] INFO  c.r.RuoYiApplication - [logStarting,55] - Starting RuoYiApplication using Java 17.0.15 on Jetts-MacBook.local with PID 42137 (/Users/jett/code/school/javaDesign/studentGradeBackend/ruoyi-admin/target/classes started by jett in /Users/jett/code/school/javaDesign/studentGradeBackend)
10:23:55.434 [restartedMain] INFO  c.r.RuoYiApplication - [logStartupProfileInfo,686] - The following 1 profile is active: "druid"
10:23:55.434 [background-preinit] INFO  o.h.v.i.util.Version - [<clinit>,21] - HV000001: Hibernate Validator 6.2.5.Final
10:23:56.612 [restartedMain] INFO  o.a.c.h.Http11NioProtocol - [log,173] - Initializing ProtocolHandler ["http-nio-8080"]
10:23:56.614 [restartedMain] INFO  o.a.c.c.StandardService - [log,173] - Starting service [Tomcat]
10:23:56.614 [restartedMain] INFO  o.a.c.c.StandardEngine - [log,173] - Starting Servlet engine: [Apache Tomcat/9.0.96]
10:23:56.645 [restartedMain] INFO  o.a.c.c.C.[.[.[/] - [log,173] - Initializing Spring embedded WebApplicationContext
10:23:57.278 [restartedMain] INFO  c.a.d.p.DruidDataSource - [init,1002] - {dataSource-1} inited
10:23:58.359 [restartedMain] INFO  o.q.i.StdSchedulerFactory - [instantiate,1220] - Using default implementation for ThreadExecutor
10:23:58.364 [restartedMain] INFO  o.q.c.SchedulerSignalerImpl - [<init>,61] - Initialized Scheduler Signaller of type: class org.quartz.core.SchedulerSignalerImpl
10:23:58.364 [restartedMain] INFO  o.q.c.QuartzScheduler - [<init>,229] - Quartz Scheduler v.2.3.2 created.
10:23:58.364 [restartedMain] INFO  o.q.s.RAMJobStore - [initialize,155] - RAMJobStore initialized.
10:23:58.365 [restartedMain] INFO  o.q.c.QuartzScheduler - [initialize,294] - Scheduler meta-data: Quartz Scheduler (v2.3.2) 'quartzScheduler' with instanceId 'NON_CLUSTERED'
  Scheduler class: 'org.quartz.core.QuartzScheduler' - running locally.
  NOT STARTED.
  Currently in standby mode.
  Number of jobs executed: 0
  Using thread pool 'org.quartz.simpl.SimpleThreadPool' - with 10 threads.
  Using job-store 'org.quartz.simpl.RAMJobStore' - which does not support persistence. and is not clustered.

10:23:58.365 [restartedMain] INFO  o.q.i.StdSchedulerFactory - [instantiate,1374] - Quartz scheduler 'quartzScheduler' initialized from an externally provided properties instance.
10:23:58.365 [restartedMain] INFO  o.q.i.StdSchedulerFactory - [instantiate,1378] - Quartz scheduler version: 2.3.2
10:23:58.365 [restartedMain] INFO  o.q.c.QuartzScheduler - [setJobFactory,2293] - JobFactory set to: org.springframework.scheduling.quartz.SpringBeanJobFactory@5f6f7ed4
10:23:58.682 [restartedMain] INFO  o.a.e.i.c.ProcessEngineConfigurationImpl - [initConfigurators,1551] - Found 1 Process Engine Configurators in total:
10:23:58.683 [restartedMain] INFO  o.a.e.i.c.ProcessEngineConfigurationImpl - [initConfigurators,1553] - class org.activiti.spring.process.conf.ProcessExtensionsConfiguratorAutoConfiguration$$EnhancerBySpringCGLIB$$42a3136e (priority:10000)
10:23:58.683 [restartedMain] INFO  o.a.e.i.c.ProcessEngineConfigurationImpl - [configuratorsBeforeInit,1563] - Executing beforeInit() of class org.activiti.spring.process.conf.ProcessExtensionsConfiguratorAutoConfiguration$$EnhancerBySpringCGLIB$$42a3136e (priority:10000)
10:23:58.918 [restartedMain] INFO  o.a.e.i.c.ProcessEngineConfigurationImpl - [configuratorsAfterInit,1570] - Executing configure() of class org.activiti.spring.process.conf.ProcessExtensionsConfiguratorAutoConfiguration$$EnhancerBySpringCGLIB$$42a3136e (priority:10000)
10:23:58.931 [restartedMain] INFO  o.a.e.i.ProcessEngineImpl - [<init>,74] - ProcessEngine default created
10:23:58.931 [restartedMain] INFO  o.a.e.i.a.DefaultAsyncJobExecutor - [start,169] - Starting up the default async job executor [org.activiti.spring.SpringAsyncExecutor].
10:23:58.932 [Thread-4] INFO  o.a.e.i.a.AcquireAsyncJobsDueRunnable - [run,45] - {} starting to acquire async jobs due
10:23:58.932 [Thread-5] INFO  o.a.e.i.a.AcquireTimerJobsRunnable - [run,49] - {} starting to acquire async jobs due
10:23:58.932 [Thread-6] INFO  o.a.e.i.a.ResetExpiredJobsRunnable - [run,51] - {} starting to reset expired jobs
10:24:00.700 [restartedMain] INFO  o.a.c.h.Http11NioProtocol - [log,173] - Starting ProtocolHandler ["http-nio-8080"]
10:24:00.917 [restartedMain] INFO  o.a.s.AbstractActivitiSmartLifeCycle - [start,66] - Starting...
10:24:00.964 [restartedMain] INFO  o.a.s.AbstractActivitiSmartLifeCycle - [start,71] - Started.
10:24:00.964 [restartedMain] INFO  o.a.s.AbstractActivitiSmartLifeCycle - [start,66] - Starting...
10:24:00.975 [restartedMain] INFO  o.a.s.AbstractActivitiSmartLifeCycle - [start,71] - Started.
10:24:00.976 [restartedMain] INFO  o.q.c.QuartzScheduler - [start,547] - Scheduler quartzScheduler_$_NON_CLUSTERED started.
10:24:00.988 [restartedMain] INFO  c.r.RuoYiApplication - [logStarted,61] - Started RuoYiApplication in 5.714 seconds (JVM running for 6.367)
10:24:01.173 [RMI TCP Connection(5)-127.0.0.1] INFO  o.a.c.c.C.[.[.[/] - [log,173] - Initializing Spring DispatcherServlet 'dispatcherServlet'
10:24:09.873 [SpringApplicationShutdownHook] INFO  o.a.s.AbstractActivitiSmartLifeCycle - [stop,80] - Stopping...
10:24:09.873 [SpringApplicationShutdownHook] INFO  o.a.s.AbstractActivitiSmartLifeCycle - [stop,84] - Stopped.
10:24:09.873 [SpringApplicationShutdownHook] INFO  o.a.s.AbstractActivitiSmartLifeCycle - [stop,80] - Stopping...
10:24:09.873 [SpringApplicationShutdownHook] INFO  o.a.s.AbstractActivitiSmartLifeCycle - [stop,84] - Stopped.
10:24:09.873 [SpringApplicationShutdownHook] INFO  o.q.c.QuartzScheduler - [standby,585] - Scheduler quartzScheduler_$_NON_CLUSTERED paused.
10:24:09.889 [SpringApplicationShutdownHook] INFO  o.a.e.i.a.DefaultAsyncJobExecutor - [shutdown,208] - Shutting down the default async job executor [org.activiti.spring.SpringAsyncExecutor].
10:24:09.889 [activiti-acquire-timer-jobs] INFO  o.a.e.i.a.AcquireTimerJobsRunnable - [run,115] - {} stopped async job due acquisition
10:24:09.889 [activiti-acquire-async-jobs] INFO  o.a.e.i.a.AcquireAsyncJobsDueRunnable - [run,115] - {} stopped async job due acquisition
10:24:09.889 [activiti-reset-expired-jobs] INFO  o.a.e.i.a.ResetExpiredJobsRunnable - [run,99] - {} stopped resetting expired jobs
10:24:09.890 [SpringApplicationShutdownHook] INFO  o.q.c.QuartzScheduler - [shutdown,666] - Scheduler quartzScheduler_$_NON_CLUSTERED shutting down.
10:24:09.890 [SpringApplicationShutdownHook] INFO  o.q.c.QuartzScheduler - [standby,585] - Scheduler quartzScheduler_$_NON_CLUSTERED paused.
10:24:09.890 [SpringApplicationShutdownHook] INFO  o.q.c.QuartzScheduler - [shutdown,740] - Scheduler quartzScheduler_$_NON_CLUSTERED shutdown complete.
10:24:09.890 [SpringApplicationShutdownHook] INFO  sys-user - [shutdownAsyncManager,31] - ====关闭后台任务任务线程池====
10:24:09.892 [SpringApplicationShutdownHook] INFO  c.a.d.p.DruidDataSource - [close,2204] - {dataSource-1} closing ...
10:24:09.895 [SpringApplicationShutdownHook] INFO  c.a.d.p.DruidDataSource - [close,2277] - {dataSource-1} closed
10:24:12.337 [restartedMain] INFO  c.r.RuoYiApplication - [logStarting,55] - Starting RuoYiApplication using Java 17.0.15 on Jetts-MacBook.local with PID 42147 (/Users/jett/code/school/javaDesign/studentGradeBackend/ruoyi-admin/target/classes started by jett in /Users/jett/code/school/javaDesign/studentGradeBackend)
10:24:12.338 [background-preinit] INFO  o.h.v.i.util.Version - [<clinit>,21] - HV000001: Hibernate Validator 6.2.5.Final
10:24:12.338 [restartedMain] INFO  c.r.RuoYiApplication - [logStartupProfileInfo,686] - The following 1 profile is active: "druid"
10:24:13.443 [restartedMain] INFO  o.a.c.h.Http11NioProtocol - [log,173] - Initializing ProtocolHandler ["http-nio-8080"]
10:24:13.444 [restartedMain] INFO  o.a.c.c.StandardService - [log,173] - Starting service [Tomcat]
10:24:13.444 [restartedMain] INFO  o.a.c.c.StandardEngine - [log,173] - Starting Servlet engine: [Apache Tomcat/9.0.96]
10:24:13.476 [restartedMain] INFO  o.a.c.c.C.[.[.[/] - [log,173] - Initializing Spring embedded WebApplicationContext
10:24:14.065 [restartedMain] INFO  c.a.d.p.DruidDataSource - [init,1002] - {dataSource-1} inited
10:24:15.047 [restartedMain] INFO  o.q.i.StdSchedulerFactory - [instantiate,1220] - Using default implementation for ThreadExecutor
10:24:15.051 [restartedMain] INFO  o.q.c.SchedulerSignalerImpl - [<init>,61] - Initialized Scheduler Signaller of type: class org.quartz.core.SchedulerSignalerImpl
10:24:15.051 [restartedMain] INFO  o.q.c.QuartzScheduler - [<init>,229] - Quartz Scheduler v.2.3.2 created.
10:24:15.051 [restartedMain] INFO  o.q.s.RAMJobStore - [initialize,155] - RAMJobStore initialized.
10:24:15.051 [restartedMain] INFO  o.q.c.QuartzScheduler - [initialize,294] - Scheduler meta-data: Quartz Scheduler (v2.3.2) 'quartzScheduler' with instanceId 'NON_CLUSTERED'
  Scheduler class: 'org.quartz.core.QuartzScheduler' - running locally.
  NOT STARTED.
  Currently in standby mode.
  Number of jobs executed: 0
  Using thread pool 'org.quartz.simpl.SimpleThreadPool' - with 10 threads.
  Using job-store 'org.quartz.simpl.RAMJobStore' - which does not support persistence. and is not clustered.

10:24:15.052 [restartedMain] INFO  o.q.i.StdSchedulerFactory - [instantiate,1374] - Quartz scheduler 'quartzScheduler' initialized from an externally provided properties instance.
10:24:15.052 [restartedMain] INFO  o.q.i.StdSchedulerFactory - [instantiate,1378] - Quartz scheduler version: 2.3.2
10:24:15.052 [restartedMain] INFO  o.q.c.QuartzScheduler - [setJobFactory,2293] - JobFactory set to: org.springframework.scheduling.quartz.SpringBeanJobFactory@1e244cf6
10:24:15.349 [restartedMain] INFO  o.a.e.i.c.ProcessEngineConfigurationImpl - [initConfigurators,1551] - Found 1 Process Engine Configurators in total:
10:24:15.350 [restartedMain] INFO  o.a.e.i.c.ProcessEngineConfigurationImpl - [initConfigurators,1553] - class org.activiti.spring.process.conf.ProcessExtensionsConfiguratorAutoConfiguration$$EnhancerBySpringCGLIB$$77a20c1c (priority:10000)
10:24:15.350 [restartedMain] INFO  o.a.e.i.c.ProcessEngineConfigurationImpl - [configuratorsBeforeInit,1563] - Executing beforeInit() of class org.activiti.spring.process.conf.ProcessExtensionsConfiguratorAutoConfiguration$$EnhancerBySpringCGLIB$$77a20c1c (priority:10000)
10:24:15.559 [restartedMain] INFO  o.a.e.i.c.ProcessEngineConfigurationImpl - [configuratorsAfterInit,1570] - Executing configure() of class org.activiti.spring.process.conf.ProcessExtensionsConfiguratorAutoConfiguration$$EnhancerBySpringCGLIB$$77a20c1c (priority:10000)
10:24:15.572 [restartedMain] INFO  o.a.e.i.ProcessEngineImpl - [<init>,74] - ProcessEngine default created
10:24:15.573 [restartedMain] INFO  o.a.e.i.a.DefaultAsyncJobExecutor - [start,169] - Starting up the default async job executor [org.activiti.spring.SpringAsyncExecutor].
10:24:15.573 [Thread-4] INFO  o.a.e.i.a.AcquireAsyncJobsDueRunnable - [run,45] - {} starting to acquire async jobs due
10:24:15.573 [Thread-5] INFO  o.a.e.i.a.AcquireTimerJobsRunnable - [run,49] - {} starting to acquire async jobs due
10:24:15.573 [Thread-6] INFO  o.a.e.i.a.ResetExpiredJobsRunnable - [run,51] - {} starting to reset expired jobs
10:24:16.920 [restartedMain] INFO  o.a.c.h.Http11NioProtocol - [log,173] - Starting ProtocolHandler ["http-nio-8080"]
10:24:17.126 [restartedMain] INFO  o.a.s.AbstractActivitiSmartLifeCycle - [start,66] - Starting...
10:24:17.168 [restartedMain] INFO  o.a.s.AbstractActivitiSmartLifeCycle - [start,71] - Started.
10:24:17.168 [restartedMain] INFO  o.a.s.AbstractActivitiSmartLifeCycle - [start,66] - Starting...
10:24:17.172 [restartedMain] INFO  o.a.s.AbstractActivitiSmartLifeCycle - [start,71] - Started.
10:24:17.172 [restartedMain] INFO  o.q.c.QuartzScheduler - [start,547] - Scheduler quartzScheduler_$_NON_CLUSTERED started.
10:24:17.182 [restartedMain] INFO  c.r.RuoYiApplication - [logStarted,61] - Started RuoYiApplication in 5.032 seconds (JVM running for 5.37)
10:24:17.544 [RMI TCP Connection(2)-127.0.0.1] INFO  o.a.c.c.C.[.[.[/] - [log,173] - Initializing Spring DispatcherServlet 'dispatcherServlet'
10:24:21.687 [http-nio-8080-exec-2] INFO  c.r.x.k.s.i.KcxxServiceImpl - [updateKcxx,165] - 开始更新课程信息，课程ID：203fd0b3d3aa437b8c5ce402f8d15c0020250427232117
10:24:21.696 [http-nio-8080-exec-2] INFO  c.r.x.k.s.i.KcxxServiceImpl - [updateKcxx,175] - 课程基本信息更新成功，课程ID：203fd0b3d3aa437b8c5ce402f8d15c0020250427232117
10:24:56.703 [http-nio-8080-exec-3] INFO  c.r.x.k.s.i.KcxxServiceImpl - [deleteKcxxByKcxxIds,225] - 开始批量逻辑删除课程，课程ID数量：1
10:24:56.708 [http-nio-8080-exec-3] INFO  c.r.x.k.s.i.KcxxServiceImpl - [deleteKcxxByKcxxIds,232] - 课程批量逻辑删除完成，删除数量：1
10:40:39.514 [http-nio-8080-exec-5] INFO  c.r.x.c.c.CjlrController - [selectCjTjList,172] - 开始查询成绩统计列表
10:40:39.527 [http-nio-8080-exec-5] INFO  c.r.x.c.c.CjlrController - [selectCjTjList,181] - 查询成绩统计列表成功，返回记录数：5
10:44:56.834 [SpringApplicationShutdownHook] INFO  o.a.s.AbstractActivitiSmartLifeCycle - [stop,80] - Stopping...
10:44:56.834 [SpringApplicationShutdownHook] INFO  o.a.s.AbstractActivitiSmartLifeCycle - [stop,84] - Stopped.
10:44:56.834 [SpringApplicationShutdownHook] INFO  o.a.s.AbstractActivitiSmartLifeCycle - [stop,80] - Stopping...
10:44:56.835 [SpringApplicationShutdownHook] INFO  o.a.s.AbstractActivitiSmartLifeCycle - [stop,84] - Stopped.
10:44:56.835 [SpringApplicationShutdownHook] INFO  o.q.c.QuartzScheduler - [standby,585] - Scheduler quartzScheduler_$_NON_CLUSTERED paused.
10:44:56.854 [SpringApplicationShutdownHook] INFO  o.a.e.i.a.DefaultAsyncJobExecutor - [shutdown,208] - Shutting down the default async job executor [org.activiti.spring.SpringAsyncExecutor].
10:44:56.854 [activiti-acquire-timer-jobs] INFO  o.a.e.i.a.AcquireTimerJobsRunnable - [run,115] - {} stopped async job due acquisition
10:44:56.854 [activiti-acquire-async-jobs] INFO  o.a.e.i.a.AcquireAsyncJobsDueRunnable - [run,115] - {} stopped async job due acquisition
10:44:56.854 [activiti-reset-expired-jobs] INFO  o.a.e.i.a.ResetExpiredJobsRunnable - [run,99] - {} stopped resetting expired jobs
10:44:56.854 [SpringApplicationShutdownHook] INFO  o.q.c.QuartzScheduler - [shutdown,666] - Scheduler quartzScheduler_$_NON_CLUSTERED shutting down.
10:44:56.855 [SpringApplicationShutdownHook] INFO  o.q.c.QuartzScheduler - [standby,585] - Scheduler quartzScheduler_$_NON_CLUSTERED paused.
10:44:56.855 [SpringApplicationShutdownHook] INFO  o.q.c.QuartzScheduler - [shutdown,740] - Scheduler quartzScheduler_$_NON_CLUSTERED shutdown complete.
10:44:56.855 [SpringApplicationShutdownHook] INFO  sys-user - [shutdownAsyncManager,31] - ====关闭后台任务任务线程池====
10:44:56.857 [SpringApplicationShutdownHook] INFO  c.a.d.p.DruidDataSource - [close,2204] - {dataSource-1} closing ...
10:44:56.859 [SpringApplicationShutdownHook] INFO  c.a.d.p.DruidDataSource - [close,2277] - {dataSource-1} closed
10:58:18.828 [restartedMain] INFO  c.r.RuoYiApplication - [logStarting,55] - Starting RuoYiApplication using Java 17.0.15 on Jetts-MacBook.local with PID 42353 (/Users/jett/code/school/javaDesign/studentGradeBackend/ruoyi-admin/target/classes started by jett in /Users/jett/code/school/javaDesign/studentGradeBackend)
10:58:18.829 [restartedMain] INFO  c.r.RuoYiApplication - [logStartupProfileInfo,686] - The following 1 profile is active: "druid"
10:58:18.829 [background-preinit] INFO  o.h.v.i.util.Version - [<clinit>,21] - HV000001: Hibernate Validator 6.2.5.Final
10:58:19.941 [restartedMain] INFO  o.a.c.h.Http11NioProtocol - [log,173] - Initializing ProtocolHandler ["http-nio-8080"]
10:58:19.942 [restartedMain] INFO  o.a.c.c.StandardService - [log,173] - Starting service [Tomcat]
10:58:19.942 [restartedMain] INFO  o.a.c.c.StandardEngine - [log,173] - Starting Servlet engine: [Apache Tomcat/9.0.96]
10:58:19.973 [restartedMain] INFO  o.a.c.c.C.[.[.[/] - [log,173] - Initializing Spring embedded WebApplicationContext
10:58:20.579 [restartedMain] INFO  c.a.d.p.DruidDataSource - [init,1002] - {dataSource-1} inited
10:58:21.538 [restartedMain] INFO  o.q.i.StdSchedulerFactory - [instantiate,1220] - Using default implementation for ThreadExecutor
10:58:21.543 [restartedMain] INFO  o.q.c.SchedulerSignalerImpl - [<init>,61] - Initialized Scheduler Signaller of type: class org.quartz.core.SchedulerSignalerImpl
10:58:21.543 [restartedMain] INFO  o.q.c.QuartzScheduler - [<init>,229] - Quartz Scheduler v.2.3.2 created.
10:58:21.543 [restartedMain] INFO  o.q.s.RAMJobStore - [initialize,155] - RAMJobStore initialized.
10:58:21.543 [restartedMain] INFO  o.q.c.QuartzScheduler - [initialize,294] - Scheduler meta-data: Quartz Scheduler (v2.3.2) 'quartzScheduler' with instanceId 'NON_CLUSTERED'
  Scheduler class: 'org.quartz.core.QuartzScheduler' - running locally.
  NOT STARTED.
  Currently in standby mode.
  Number of jobs executed: 0
  Using thread pool 'org.quartz.simpl.SimpleThreadPool' - with 10 threads.
  Using job-store 'org.quartz.simpl.RAMJobStore' - which does not support persistence. and is not clustered.

10:58:21.543 [restartedMain] INFO  o.q.i.StdSchedulerFactory - [instantiate,1374] - Quartz scheduler 'quartzScheduler' initialized from an externally provided properties instance.
10:58:21.543 [restartedMain] INFO  o.q.i.StdSchedulerFactory - [instantiate,1378] - Quartz scheduler version: 2.3.2
10:58:21.543 [restartedMain] INFO  o.q.c.QuartzScheduler - [setJobFactory,2293] - JobFactory set to: org.springframework.scheduling.quartz.SpringBeanJobFactory@23222cb8
10:58:21.842 [restartedMain] INFO  o.a.e.i.c.ProcessEngineConfigurationImpl - [initConfigurators,1551] - Found 1 Process Engine Configurators in total:
10:58:21.842 [restartedMain] INFO  o.a.e.i.c.ProcessEngineConfigurationImpl - [initConfigurators,1553] - class org.activiti.spring.process.conf.ProcessExtensionsConfiguratorAutoConfiguration$$EnhancerBySpringCGLIB$$a380c866 (priority:10000)
10:58:21.843 [restartedMain] INFO  o.a.e.i.c.ProcessEngineConfigurationImpl - [configuratorsBeforeInit,1563] - Executing beforeInit() of class org.activiti.spring.process.conf.ProcessExtensionsConfiguratorAutoConfiguration$$EnhancerBySpringCGLIB$$a380c866 (priority:10000)
10:58:22.053 [restartedMain] INFO  o.a.e.i.c.ProcessEngineConfigurationImpl - [configuratorsAfterInit,1570] - Executing configure() of class org.activiti.spring.process.conf.ProcessExtensionsConfiguratorAutoConfiguration$$EnhancerBySpringCGLIB$$a380c866 (priority:10000)
10:58:22.067 [restartedMain] INFO  o.a.e.i.ProcessEngineImpl - [<init>,74] - ProcessEngine default created
10:58:22.068 [restartedMain] INFO  o.a.e.i.a.DefaultAsyncJobExecutor - [start,169] - Starting up the default async job executor [org.activiti.spring.SpringAsyncExecutor].
10:58:22.068 [Thread-4] INFO  o.a.e.i.a.AcquireAsyncJobsDueRunnable - [run,45] - {} starting to acquire async jobs due
10:58:22.068 [Thread-5] INFO  o.a.e.i.a.AcquireTimerJobsRunnable - [run,49] - {} starting to acquire async jobs due
10:58:22.068 [Thread-6] INFO  o.a.e.i.a.ResetExpiredJobsRunnable - [run,51] - {} starting to reset expired jobs
10:58:23.418 [restartedMain] INFO  o.a.c.h.Http11NioProtocol - [log,173] - Starting ProtocolHandler ["http-nio-8080"]
10:58:23.615 [restartedMain] INFO  o.a.s.AbstractActivitiSmartLifeCycle - [start,66] - Starting...
10:58:23.654 [restartedMain] INFO  o.a.s.AbstractActivitiSmartLifeCycle - [start,71] - Started.
10:58:23.654 [restartedMain] INFO  o.a.s.AbstractActivitiSmartLifeCycle - [start,66] - Starting...
10:58:23.660 [restartedMain] INFO  o.a.s.AbstractActivitiSmartLifeCycle - [start,71] - Started.
10:58:23.660 [restartedMain] INFO  o.q.c.QuartzScheduler - [start,547] - Scheduler quartzScheduler_$_NON_CLUSTERED started.
10:58:23.671 [restartedMain] INFO  c.r.RuoYiApplication - [logStarted,61] - Started RuoYiApplication in 4.992 seconds (JVM running for 5.397)
10:58:24.029 [RMI TCP Connection(3)-127.0.0.1] INFO  o.a.c.c.C.[.[.[/] - [log,173] - Initializing Spring DispatcherServlet 'dispatcherServlet'
10:58:29.738 [http-nio-8080-exec-2] INFO  c.r.x.k.s.i.KcxxServiceImpl - [deleteKcxxByKcxxIds,225] - 开始批量逻辑删除课程，课程ID数量：1
10:58:29.743 [http-nio-8080-exec-2] INFO  c.r.x.k.s.i.KcxxServiceImpl - [deleteKcxxByKcxxIds,232] - 课程批量逻辑删除完成，删除数量：1
10:58:37.677 [http-nio-8080-exec-3] INFO  c.r.x.k.s.i.KcxxServiceImpl - [deleteKcxxByKcxxIds,225] - 开始批量逻辑删除课程，课程ID数量：1
10:58:37.681 [http-nio-8080-exec-3] INFO  c.r.x.k.s.i.KcxxServiceImpl - [deleteKcxxByKcxxIds,232] - 课程批量逻辑删除完成，删除数量：1
10:58:51.673 [http-nio-8080-exec-4] INFO  c.r.x.k.s.i.KcxxServiceImpl - [deleteKcxxByKcxxIds,225] - 开始批量逻辑删除课程，课程ID数量：1
10:58:51.677 [http-nio-8080-exec-4] INFO  c.r.x.k.s.i.KcxxServiceImpl - [deleteKcxxByKcxxIds,232] - 课程批量逻辑删除完成，删除数量：1
10:59:01.717 [http-nio-8080-exec-5] INFO  c.r.x.k.s.i.KcxxServiceImpl - [deleteKcxxByKcxxIds,225] - 开始批量逻辑删除课程，课程ID数量：1
10:59:01.721 [http-nio-8080-exec-5] INFO  c.r.x.k.s.i.KcxxServiceImpl - [deleteKcxxByKcxxIds,232] - 课程批量逻辑删除完成，删除数量：1
10:59:16.994 [http-nio-8080-exec-6] INFO  c.r.x.k.s.i.KcxxServiceImpl - [deleteKcxxByKcxxIds,225] - 开始批量逻辑删除课程，课程ID数量：1
10:59:17.000 [http-nio-8080-exec-6] INFO  c.r.x.k.s.i.KcxxServiceImpl - [deleteKcxxByKcxxIds,232] - 课程批量逻辑删除完成，删除数量：1
10:59:43.705 [SpringApplicationShutdownHook] INFO  o.a.s.AbstractActivitiSmartLifeCycle - [stop,80] - Stopping...
10:59:43.706 [SpringApplicationShutdownHook] INFO  o.a.s.AbstractActivitiSmartLifeCycle - [stop,84] - Stopped.
10:59:43.706 [SpringApplicationShutdownHook] INFO  o.a.s.AbstractActivitiSmartLifeCycle - [stop,80] - Stopping...
10:59:43.706 [SpringApplicationShutdownHook] INFO  o.a.s.AbstractActivitiSmartLifeCycle - [stop,84] - Stopped.
10:59:43.706 [SpringApplicationShutdownHook] INFO  o.q.c.QuartzScheduler - [standby,585] - Scheduler quartzScheduler_$_NON_CLUSTERED paused.
10:59:43.727 [SpringApplicationShutdownHook] INFO  o.a.e.i.a.DefaultAsyncJobExecutor - [shutdown,208] - Shutting down the default async job executor [org.activiti.spring.SpringAsyncExecutor].
10:59:43.727 [activiti-acquire-timer-jobs] INFO  o.a.e.i.a.AcquireTimerJobsRunnable - [run,115] - {} stopped async job due acquisition
10:59:43.727 [activiti-reset-expired-jobs] INFO  o.a.e.i.a.ResetExpiredJobsRunnable - [run,99] - {} stopped resetting expired jobs
10:59:43.727 [activiti-acquire-async-jobs] INFO  o.a.e.i.a.AcquireAsyncJobsDueRunnable - [run,115] - {} stopped async job due acquisition
10:59:43.728 [SpringApplicationShutdownHook] INFO  o.q.c.QuartzScheduler - [shutdown,666] - Scheduler quartzScheduler_$_NON_CLUSTERED shutting down.
10:59:43.728 [SpringApplicationShutdownHook] INFO  o.q.c.QuartzScheduler - [standby,585] - Scheduler quartzScheduler_$_NON_CLUSTERED paused.
10:59:43.728 [SpringApplicationShutdownHook] INFO  o.q.c.QuartzScheduler - [shutdown,740] - Scheduler quartzScheduler_$_NON_CLUSTERED shutdown complete.
10:59:43.728 [SpringApplicationShutdownHook] INFO  sys-user - [shutdownAsyncManager,31] - ====关闭后台任务任务线程池====
10:59:43.731 [SpringApplicationShutdownHook] INFO  c.a.d.p.DruidDataSource - [close,2204] - {dataSource-1} closing ...
10:59:43.734 [SpringApplicationShutdownHook] INFO  c.a.d.p.DruidDataSource - [close,2277] - {dataSource-1} closed
10:59:46.177 [background-preinit] INFO  o.h.v.i.util.Version - [<clinit>,21] - HV000001: Hibernate Validator 6.2.5.Final
10:59:46.177 [restartedMain] INFO  c.r.RuoYiApplication - [logStarting,55] - Starting RuoYiApplication using Java 17.0.15 on Jetts-MacBook.local with PID 42371 (/Users/jett/code/school/javaDesign/studentGradeBackend/ruoyi-admin/target/classes started by jett in /Users/jett/code/school/javaDesign/studentGradeBackend)
10:59:46.178 [restartedMain] INFO  c.r.RuoYiApplication - [logStartupProfileInfo,686] - The following 1 profile is active: "druid"
10:59:47.381 [restartedMain] INFO  o.a.c.h.Http11NioProtocol - [log,173] - Initializing ProtocolHandler ["http-nio-8080"]
10:59:47.382 [restartedMain] INFO  o.a.c.c.StandardService - [log,173] - Starting service [Tomcat]
10:59:47.382 [restartedMain] INFO  o.a.c.c.StandardEngine - [log,173] - Starting Servlet engine: [Apache Tomcat/9.0.96]
10:59:47.414 [restartedMain] INFO  o.a.c.c.C.[.[.[/] - [log,173] - Initializing Spring embedded WebApplicationContext
10:59:48.044 [restartedMain] INFO  c.a.d.p.DruidDataSource - [init,1002] - {dataSource-1} inited
10:59:49.070 [restartedMain] INFO  o.q.i.StdSchedulerFactory - [instantiate,1220] - Using default implementation for ThreadExecutor
10:59:49.075 [restartedMain] INFO  o.q.c.SchedulerSignalerImpl - [<init>,61] - Initialized Scheduler Signaller of type: class org.quartz.core.SchedulerSignalerImpl
10:59:49.075 [restartedMain] INFO  o.q.c.QuartzScheduler - [<init>,229] - Quartz Scheduler v.2.3.2 created.
10:59:49.076 [restartedMain] INFO  o.q.s.RAMJobStore - [initialize,155] - RAMJobStore initialized.
10:59:49.076 [restartedMain] INFO  o.q.c.QuartzScheduler - [initialize,294] - Scheduler meta-data: Quartz Scheduler (v2.3.2) 'quartzScheduler' with instanceId 'NON_CLUSTERED'
  Scheduler class: 'org.quartz.core.QuartzScheduler' - running locally.
  NOT STARTED.
  Currently in standby mode.
  Number of jobs executed: 0
  Using thread pool 'org.quartz.simpl.SimpleThreadPool' - with 10 threads.
  Using job-store 'org.quartz.simpl.RAMJobStore' - which does not support persistence. and is not clustered.

10:59:49.076 [restartedMain] INFO  o.q.i.StdSchedulerFactory - [instantiate,1374] - Quartz scheduler 'quartzScheduler' initialized from an externally provided properties instance.
10:59:49.076 [restartedMain] INFO  o.q.i.StdSchedulerFactory - [instantiate,1378] - Quartz scheduler version: 2.3.2
10:59:49.076 [restartedMain] INFO  o.q.c.QuartzScheduler - [setJobFactory,2293] - JobFactory set to: org.springframework.scheduling.quartz.SpringBeanJobFactory@6384ab5e
10:59:49.388 [restartedMain] INFO  o.a.e.i.c.ProcessEngineConfigurationImpl - [initConfigurators,1551] - Found 1 Process Engine Configurators in total:
10:59:49.388 [restartedMain] INFO  o.a.e.i.c.ProcessEngineConfigurationImpl - [initConfigurators,1553] - class org.activiti.spring.process.conf.ProcessExtensionsConfiguratorAutoConfiguration$$EnhancerBySpringCGLIB$$17cab961 (priority:10000)
10:59:49.389 [restartedMain] INFO  o.a.e.i.c.ProcessEngineConfigurationImpl - [configuratorsBeforeInit,1563] - Executing beforeInit() of class org.activiti.spring.process.conf.ProcessExtensionsConfiguratorAutoConfiguration$$EnhancerBySpringCGLIB$$17cab961 (priority:10000)
10:59:49.624 [restartedMain] INFO  o.a.e.i.c.ProcessEngineConfigurationImpl - [configuratorsAfterInit,1570] - Executing configure() of class org.activiti.spring.process.conf.ProcessExtensionsConfiguratorAutoConfiguration$$EnhancerBySpringCGLIB$$17cab961 (priority:10000)
10:59:49.637 [restartedMain] INFO  o.a.e.i.ProcessEngineImpl - [<init>,74] - ProcessEngine default created
10:59:49.638 [restartedMain] INFO  o.a.e.i.a.DefaultAsyncJobExecutor - [start,169] - Starting up the default async job executor [org.activiti.spring.SpringAsyncExecutor].
10:59:49.638 [Thread-4] INFO  o.a.e.i.a.AcquireAsyncJobsDueRunnable - [run,45] - {} starting to acquire async jobs due
10:59:49.638 [Thread-5] INFO  o.a.e.i.a.AcquireTimerJobsRunnable - [run,49] - {} starting to acquire async jobs due
10:59:49.638 [Thread-6] INFO  o.a.e.i.a.ResetExpiredJobsRunnable - [run,51] - {} starting to reset expired jobs
10:59:51.246 [restartedMain] INFO  o.a.c.h.Http11NioProtocol - [log,173] - Starting ProtocolHandler ["http-nio-8080"]
10:59:51.473 [restartedMain] INFO  o.a.s.AbstractActivitiSmartLifeCycle - [start,66] - Starting...
10:59:51.519 [restartedMain] INFO  o.a.s.AbstractActivitiSmartLifeCycle - [start,71] - Started.
10:59:51.519 [restartedMain] INFO  o.a.s.AbstractActivitiSmartLifeCycle - [start,66] - Starting...
10:59:51.523 [restartedMain] INFO  o.a.s.AbstractActivitiSmartLifeCycle - [start,71] - Started.
10:59:51.524 [restartedMain] INFO  o.q.c.QuartzScheduler - [start,547] - Scheduler quartzScheduler_$_NON_CLUSTERED started.
10:59:51.534 [restartedMain] INFO  c.r.RuoYiApplication - [logStarted,61] - Started RuoYiApplication in 5.523 seconds (JVM running for 6.173)
10:59:51.763 [RMI TCP Connection(1)-127.0.0.1] INFO  o.a.c.c.C.[.[.[/] - [log,173] - Initializing Spring DispatcherServlet 'dispatcherServlet'
10:59:54.995 [http-nio-8080-exec-2] INFO  c.r.x.k.s.i.KcxxServiceImpl - [deleteKcxxByKcxxIds,225] - 开始批量逻辑删除课程，课程ID数量：1
10:59:55.001 [http-nio-8080-exec-2] INFO  c.r.x.k.s.i.KcxxServiceImpl - [deleteKcxxByKcxxIds,232] - 课程批量逻辑删除完成，删除数量：1
11:00:07.829 [http-nio-8080-exec-3] INFO  c.r.x.k.s.i.KcxxServiceImpl - [deleteKcxxByKcxxIds,225] - 开始批量逻辑删除课程，课程ID数量：1
11:00:07.833 [http-nio-8080-exec-3] INFO  c.r.x.k.s.i.KcxxServiceImpl - [deleteKcxxByKcxxIds,232] - 课程批量逻辑删除完成，删除数量：1
11:01:14.721 [SpringApplicationShutdownHook] INFO  o.a.s.AbstractActivitiSmartLifeCycle - [stop,80] - Stopping...
11:01:14.721 [SpringApplicationShutdownHook] INFO  o.a.s.AbstractActivitiSmartLifeCycle - [stop,84] - Stopped.
11:01:14.721 [SpringApplicationShutdownHook] INFO  o.a.s.AbstractActivitiSmartLifeCycle - [stop,80] - Stopping...
11:01:14.721 [SpringApplicationShutdownHook] INFO  o.a.s.AbstractActivitiSmartLifeCycle - [stop,84] - Stopped.
11:01:14.721 [SpringApplicationShutdownHook] INFO  o.q.c.QuartzScheduler - [standby,585] - Scheduler quartzScheduler_$_NON_CLUSTERED paused.
11:01:14.739 [SpringApplicationShutdownHook] INFO  o.a.e.i.a.DefaultAsyncJobExecutor - [shutdown,208] - Shutting down the default async job executor [org.activiti.spring.SpringAsyncExecutor].
11:01:14.739 [activiti-acquire-timer-jobs] INFO  o.a.e.i.a.AcquireTimerJobsRunnable - [run,115] - {} stopped async job due acquisition
11:01:14.739 [activiti-acquire-async-jobs] INFO  o.a.e.i.a.AcquireAsyncJobsDueRunnable - [run,115] - {} stopped async job due acquisition
11:01:14.739 [activiti-reset-expired-jobs] INFO  o.a.e.i.a.ResetExpiredJobsRunnable - [run,99] - {} stopped resetting expired jobs
11:01:14.740 [SpringApplicationShutdownHook] INFO  o.q.c.QuartzScheduler - [shutdown,666] - Scheduler quartzScheduler_$_NON_CLUSTERED shutting down.
11:01:14.740 [SpringApplicationShutdownHook] INFO  o.q.c.QuartzScheduler - [standby,585] - Scheduler quartzScheduler_$_NON_CLUSTERED paused.
11:01:14.740 [SpringApplicationShutdownHook] INFO  o.q.c.QuartzScheduler - [shutdown,740] - Scheduler quartzScheduler_$_NON_CLUSTERED shutdown complete.
11:01:14.740 [SpringApplicationShutdownHook] INFO  sys-user - [shutdownAsyncManager,31] - ====关闭后台任务任务线程池====
11:01:14.743 [SpringApplicationShutdownHook] INFO  c.a.d.p.DruidDataSource - [close,2204] - {dataSource-1} closing ...
11:01:14.746 [SpringApplicationShutdownHook] INFO  c.a.d.p.DruidDataSource - [close,2277] - {dataSource-1} closed
11:01:17.733 [background-preinit] INFO  o.h.v.i.util.Version - [<clinit>,21] - HV000001: Hibernate Validator 6.2.5.Final
11:01:17.732 [restartedMain] INFO  c.r.RuoYiApplication - [logStarting,55] - Starting RuoYiApplication using Java 17.0.15 on Jetts-MacBook.local with PID 42396 (/Users/jett/code/school/javaDesign/studentGradeBackend/ruoyi-admin/target/classes started by jett in /Users/jett/code/school/javaDesign/studentGradeBackend)
11:01:17.733 [restartedMain] INFO  c.r.RuoYiApplication - [logStartupProfileInfo,686] - The following 1 profile is active: "druid"
11:01:18.949 [restartedMain] INFO  o.a.c.h.Http11NioProtocol - [log,173] - Initializing ProtocolHandler ["http-nio-8080"]
11:01:18.950 [restartedMain] INFO  o.a.c.c.StandardService - [log,173] - Starting service [Tomcat]
11:01:18.950 [restartedMain] INFO  o.a.c.c.StandardEngine - [log,173] - Starting Servlet engine: [Apache Tomcat/9.0.96]
11:01:18.985 [restartedMain] INFO  o.a.c.c.C.[.[.[/] - [log,173] - Initializing Spring embedded WebApplicationContext
11:01:19.643 [restartedMain] INFO  c.a.d.p.DruidDataSource - [init,1002] - {dataSource-1} inited
11:01:20.769 [restartedMain] INFO  o.q.i.StdSchedulerFactory - [instantiate,1220] - Using default implementation for ThreadExecutor
11:01:20.774 [restartedMain] INFO  o.q.c.SchedulerSignalerImpl - [<init>,61] - Initialized Scheduler Signaller of type: class org.quartz.core.SchedulerSignalerImpl
11:01:20.774 [restartedMain] INFO  o.q.c.QuartzScheduler - [<init>,229] - Quartz Scheduler v.2.3.2 created.
11:01:20.775 [restartedMain] INFO  o.q.s.RAMJobStore - [initialize,155] - RAMJobStore initialized.
11:01:20.775 [restartedMain] INFO  o.q.c.QuartzScheduler - [initialize,294] - Scheduler meta-data: Quartz Scheduler (v2.3.2) 'quartzScheduler' with instanceId 'NON_CLUSTERED'
  Scheduler class: 'org.quartz.core.QuartzScheduler' - running locally.
  NOT STARTED.
  Currently in standby mode.
  Number of jobs executed: 0
  Using thread pool 'org.quartz.simpl.SimpleThreadPool' - with 10 threads.
  Using job-store 'org.quartz.simpl.RAMJobStore' - which does not support persistence. and is not clustered.

11:01:20.775 [restartedMain] INFO  o.q.i.StdSchedulerFactory - [instantiate,1374] - Quartz scheduler 'quartzScheduler' initialized from an externally provided properties instance.
11:01:20.775 [restartedMain] INFO  o.q.i.StdSchedulerFactory - [instantiate,1378] - Quartz scheduler version: 2.3.2
11:01:20.775 [restartedMain] INFO  o.q.c.QuartzScheduler - [setJobFactory,2293] - JobFactory set to: org.springframework.scheduling.quartz.SpringBeanJobFactory@757be344
11:01:21.105 [restartedMain] INFO  o.a.e.i.c.ProcessEngineConfigurationImpl - [initConfigurators,1551] - Found 1 Process Engine Configurators in total:
11:01:21.105 [restartedMain] INFO  o.a.e.i.c.ProcessEngineConfigurationImpl - [initConfigurators,1553] - class org.activiti.spring.process.conf.ProcessExtensionsConfiguratorAutoConfiguration$$EnhancerBySpringCGLIB$$16e6b012 (priority:10000)
11:01:21.105 [restartedMain] INFO  o.a.e.i.c.ProcessEngineConfigurationImpl - [configuratorsBeforeInit,1563] - Executing beforeInit() of class org.activiti.spring.process.conf.ProcessExtensionsConfiguratorAutoConfiguration$$EnhancerBySpringCGLIB$$16e6b012 (priority:10000)
11:01:21.341 [restartedMain] INFO  o.a.e.i.c.ProcessEngineConfigurationImpl - [configuratorsAfterInit,1570] - Executing configure() of class org.activiti.spring.process.conf.ProcessExtensionsConfiguratorAutoConfiguration$$EnhancerBySpringCGLIB$$16e6b012 (priority:10000)
11:01:21.354 [restartedMain] INFO  o.a.e.i.ProcessEngineImpl - [<init>,74] - ProcessEngine default created
11:01:21.354 [restartedMain] INFO  o.a.e.i.a.DefaultAsyncJobExecutor - [start,169] - Starting up the default async job executor [org.activiti.spring.SpringAsyncExecutor].
11:01:21.355 [Thread-4] INFO  o.a.e.i.a.AcquireAsyncJobsDueRunnable - [run,45] - {} starting to acquire async jobs due
11:01:21.355 [Thread-5] INFO  o.a.e.i.a.AcquireTimerJobsRunnable - [run,49] - {} starting to acquire async jobs due
11:01:21.355 [Thread-6] INFO  o.a.e.i.a.ResetExpiredJobsRunnable - [run,51] - {} starting to reset expired jobs
11:01:22.919 [restartedMain] INFO  o.a.c.h.Http11NioProtocol - [log,173] - Starting ProtocolHandler ["http-nio-8080"]
11:01:23.146 [restartedMain] INFO  o.a.s.AbstractActivitiSmartLifeCycle - [start,66] - Starting...
11:01:23.193 [restartedMain] INFO  o.a.s.AbstractActivitiSmartLifeCycle - [start,71] - Started.
11:01:23.194 [restartedMain] INFO  o.a.s.AbstractActivitiSmartLifeCycle - [start,66] - Starting...
11:01:23.199 [restartedMain] INFO  o.a.s.AbstractActivitiSmartLifeCycle - [start,71] - Started.
11:01:23.200 [restartedMain] INFO  o.q.c.QuartzScheduler - [start,547] - Scheduler quartzScheduler_$_NON_CLUSTERED started.
11:01:23.210 [restartedMain] INFO  c.r.RuoYiApplication - [logStarted,61] - Started RuoYiApplication in 5.635 seconds (JVM running for 6.223)
11:01:23.301 [RMI TCP Connection(2)-127.0.0.1] INFO  o.a.c.c.C.[.[.[/] - [log,173] - Initializing Spring DispatcherServlet 'dispatcherServlet'
11:03:58.649 [http-nio-8080-exec-2] INFO  c.r.x.k.s.i.KcxxServiceImpl - [deleteKcxxByKcxxIds,225] - 开始批量逻辑删除课程，课程ID数量：1
11:03:58.649 [http-nio-8080-exec-4] INFO  c.r.x.k.s.i.KcxxServiceImpl - [deleteKcxxByKcxxIds,225] - 开始批量逻辑删除课程，课程ID数量：1
11:03:58.663 [http-nio-8080-exec-4] INFO  c.r.x.k.s.i.KcxxServiceImpl - [deleteKcxxByKcxxIds,232] - 课程批量逻辑删除完成，删除数量：1
11:03:58.664 [http-nio-8080-exec-2] INFO  c.r.x.k.s.i.KcxxServiceImpl - [deleteKcxxByKcxxIds,232] - 课程批量逻辑删除完成，删除数量：1
11:03:58.670 [SpringApplicationShutdownHook] INFO  o.a.s.AbstractActivitiSmartLifeCycle - [stop,80] - Stopping...
11:03:58.670 [SpringApplicationShutdownHook] INFO  o.a.s.AbstractActivitiSmartLifeCycle - [stop,84] - Stopped.
11:03:58.670 [SpringApplicationShutdownHook] INFO  o.a.s.AbstractActivitiSmartLifeCycle - [stop,80] - Stopping...
11:03:58.670 [SpringApplicationShutdownHook] INFO  o.a.s.AbstractActivitiSmartLifeCycle - [stop,84] - Stopped.
11:03:58.670 [SpringApplicationShutdownHook] INFO  o.q.c.QuartzScheduler - [standby,585] - Scheduler quartzScheduler_$_NON_CLUSTERED paused.
11:03:58.793 [SpringApplicationShutdownHook] INFO  o.a.e.i.a.DefaultAsyncJobExecutor - [shutdown,208] - Shutting down the default async job executor [org.activiti.spring.SpringAsyncExecutor].
11:03:58.793 [activiti-acquire-timer-jobs] INFO  o.a.e.i.a.AcquireTimerJobsRunnable - [run,115] - {} stopped async job due acquisition
11:03:58.793 [activiti-reset-expired-jobs] INFO  o.a.e.i.a.ResetExpiredJobsRunnable - [run,99] - {} stopped resetting expired jobs
11:03:58.793 [activiti-acquire-async-jobs] INFO  o.a.e.i.a.AcquireAsyncJobsDueRunnable - [run,115] - {} stopped async job due acquisition
11:03:58.794 [SpringApplicationShutdownHook] INFO  o.q.c.QuartzScheduler - [shutdown,666] - Scheduler quartzScheduler_$_NON_CLUSTERED shutting down.
11:03:58.794 [SpringApplicationShutdownHook] INFO  o.q.c.QuartzScheduler - [standby,585] - Scheduler quartzScheduler_$_NON_CLUSTERED paused.
11:03:58.794 [SpringApplicationShutdownHook] INFO  o.q.c.QuartzScheduler - [shutdown,740] - Scheduler quartzScheduler_$_NON_CLUSTERED shutdown complete.
11:03:58.794 [SpringApplicationShutdownHook] INFO  sys-user - [shutdownAsyncManager,31] - ====关闭后台任务任务线程池====
11:03:58.797 [SpringApplicationShutdownHook] INFO  c.a.d.p.DruidDataSource - [close,2204] - {dataSource-1} closing ...
11:03:58.800 [SpringApplicationShutdownHook] INFO  c.a.d.p.DruidDataSource - [close,2277] - {dataSource-1} closed
11:04:00.789 [restartedMain] INFO  c.r.RuoYiApplication - [logStarting,55] - Starting RuoYiApplication using Java 17.0.15 on Jetts-MacBook.local with PID 42449 (/Users/jett/code/school/javaDesign/studentGradeBackend/ruoyi-admin/target/classes started by jett in /Users/jett/code/school/javaDesign/studentGradeBackend)
11:04:00.789 [background-preinit] INFO  o.h.v.i.util.Version - [<clinit>,21] - HV000001: Hibernate Validator 6.2.5.Final
11:04:00.790 [restartedMain] INFO  c.r.RuoYiApplication - [logStartupProfileInfo,686] - The following 1 profile is active: "druid"
11:04:02.112 [restartedMain] INFO  o.a.c.h.Http11NioProtocol - [log,173] - Initializing ProtocolHandler ["http-nio-8080"]
11:04:02.114 [restartedMain] INFO  o.a.c.c.StandardService - [log,173] - Starting service [Tomcat]
11:04:02.114 [restartedMain] INFO  o.a.c.c.StandardEngine - [log,173] - Starting Servlet engine: [Apache Tomcat/9.0.96]
11:04:02.148 [restartedMain] INFO  o.a.c.c.C.[.[.[/] - [log,173] - Initializing Spring embedded WebApplicationContext
11:04:02.896 [restartedMain] INFO  c.a.d.p.DruidDataSource - [init,1002] - {dataSource-1} inited
11:04:03.986 [restartedMain] INFO  o.q.i.StdSchedulerFactory - [instantiate,1220] - Using default implementation for ThreadExecutor
11:04:03.990 [restartedMain] INFO  o.q.c.SchedulerSignalerImpl - [<init>,61] - Initialized Scheduler Signaller of type: class org.quartz.core.SchedulerSignalerImpl
11:04:03.991 [restartedMain] INFO  o.q.c.QuartzScheduler - [<init>,229] - Quartz Scheduler v.2.3.2 created.
11:04:03.991 [restartedMain] INFO  o.q.s.RAMJobStore - [initialize,155] - RAMJobStore initialized.
11:04:03.991 [restartedMain] INFO  o.q.c.QuartzScheduler - [initialize,294] - Scheduler meta-data: Quartz Scheduler (v2.3.2) 'quartzScheduler' with instanceId 'NON_CLUSTERED'
  Scheduler class: 'org.quartz.core.QuartzScheduler' - running locally.
  NOT STARTED.
  Currently in standby mode.
  Number of jobs executed: 0
  Using thread pool 'org.quartz.simpl.SimpleThreadPool' - with 10 threads.
  Using job-store 'org.quartz.simpl.RAMJobStore' - which does not support persistence. and is not clustered.

11:04:03.991 [restartedMain] INFO  o.q.i.StdSchedulerFactory - [instantiate,1374] - Quartz scheduler 'quartzScheduler' initialized from an externally provided properties instance.
11:04:03.991 [restartedMain] INFO  o.q.i.StdSchedulerFactory - [instantiate,1378] - Quartz scheduler version: 2.3.2
11:04:03.991 [restartedMain] INFO  o.q.c.QuartzScheduler - [setJobFactory,2293] - JobFactory set to: org.springframework.scheduling.quartz.SpringBeanJobFactory@7358541c
11:04:04.315 [restartedMain] INFO  o.a.e.i.c.ProcessEngineConfigurationImpl - [initConfigurators,1551] - Found 1 Process Engine Configurators in total:
11:04:04.316 [restartedMain] INFO  o.a.e.i.c.ProcessEngineConfigurationImpl - [initConfigurators,1553] - class org.activiti.spring.process.conf.ProcessExtensionsConfiguratorAutoConfiguration$$EnhancerBySpringCGLIB$$85956b23 (priority:10000)
11:04:04.316 [restartedMain] INFO  o.a.e.i.c.ProcessEngineConfigurationImpl - [configuratorsBeforeInit,1563] - Executing beforeInit() of class org.activiti.spring.process.conf.ProcessExtensionsConfiguratorAutoConfiguration$$EnhancerBySpringCGLIB$$85956b23 (priority:10000)
11:04:04.548 [restartedMain] INFO  o.a.e.i.c.ProcessEngineConfigurationImpl - [configuratorsAfterInit,1570] - Executing configure() of class org.activiti.spring.process.conf.ProcessExtensionsConfiguratorAutoConfiguration$$EnhancerBySpringCGLIB$$85956b23 (priority:10000)
11:04:04.563 [restartedMain] INFO  o.a.e.i.ProcessEngineImpl - [<init>,74] - ProcessEngine default created
11:04:04.564 [restartedMain] INFO  o.a.e.i.a.DefaultAsyncJobExecutor - [start,169] - Starting up the default async job executor [org.activiti.spring.SpringAsyncExecutor].
11:04:04.564 [Thread-4] INFO  o.a.e.i.a.AcquireAsyncJobsDueRunnable - [run,45] - {} starting to acquire async jobs due
11:04:04.564 [Thread-5] INFO  o.a.e.i.a.AcquireTimerJobsRunnable - [run,49] - {} starting to acquire async jobs due
11:04:04.564 [Thread-6] INFO  o.a.e.i.a.ResetExpiredJobsRunnable - [run,51] - {} starting to reset expired jobs
11:04:06.044 [restartedMain] INFO  o.a.c.h.Http11NioProtocol - [log,173] - Starting ProtocolHandler ["http-nio-8080"]
11:04:06.266 [restartedMain] INFO  o.a.s.AbstractActivitiSmartLifeCycle - [start,66] - Starting...
11:04:06.308 [restartedMain] INFO  o.a.s.AbstractActivitiSmartLifeCycle - [start,71] - Started.
11:04:06.308 [restartedMain] INFO  o.a.s.AbstractActivitiSmartLifeCycle - [start,66] - Starting...
11:04:06.313 [restartedMain] INFO  o.a.s.AbstractActivitiSmartLifeCycle - [start,71] - Started.
11:04:06.313 [restartedMain] INFO  o.q.c.QuartzScheduler - [start,547] - Scheduler quartzScheduler_$_NON_CLUSTERED started.
11:04:06.324 [restartedMain] INFO  c.r.RuoYiApplication - [logStarted,61] - Started RuoYiApplication in 5.705 seconds (JVM running for 6.652)
11:04:06.793 [RMI TCP Connection(3)-127.0.0.1] INFO  o.a.c.c.C.[.[.[/] - [log,173] - Initializing Spring DispatcherServlet 'dispatcherServlet'
11:05:20.285 [http-nio-8080-exec-2] INFO  c.r.x.k.s.i.KcxxServiceImpl - [deleteKcxxByKcxxIds,225] - 开始批量逻辑删除课程，课程ID数量：1
11:05:20.297 [http-nio-8080-exec-2] INFO  c.r.x.k.s.i.KcxxServiceImpl - [deleteKcxxByKcxxIds,232] - 课程批量逻辑删除完成，删除数量：1
11:05:20.333 [SpringApplicationShutdownHook] INFO  o.a.s.AbstractActivitiSmartLifeCycle - [stop,80] - Stopping...
11:05:20.333 [SpringApplicationShutdownHook] INFO  o.a.s.AbstractActivitiSmartLifeCycle - [stop,84] - Stopped.
11:05:20.333 [SpringApplicationShutdownHook] INFO  o.a.s.AbstractActivitiSmartLifeCycle - [stop,80] - Stopping...
11:05:20.333 [SpringApplicationShutdownHook] INFO  o.a.s.AbstractActivitiSmartLifeCycle - [stop,84] - Stopped.
11:05:20.333 [SpringApplicationShutdownHook] INFO  o.q.c.QuartzScheduler - [standby,585] - Scheduler quartzScheduler_$_NON_CLUSTERED paused.
11:05:20.349 [SpringApplicationShutdownHook] INFO  o.a.e.i.a.DefaultAsyncJobExecutor - [shutdown,208] - Shutting down the default async job executor [org.activiti.spring.SpringAsyncExecutor].
11:05:20.349 [activiti-acquire-timer-jobs] INFO  o.a.e.i.a.AcquireTimerJobsRunnable - [run,115] - {} stopped async job due acquisition
11:05:20.349 [activiti-reset-expired-jobs] INFO  o.a.e.i.a.ResetExpiredJobsRunnable - [run,99] - {} stopped resetting expired jobs
11:05:20.349 [activiti-acquire-async-jobs] INFO  o.a.e.i.a.AcquireAsyncJobsDueRunnable - [run,115] - {} stopped async job due acquisition
11:05:20.349 [SpringApplicationShutdownHook] INFO  o.q.c.QuartzScheduler - [shutdown,666] - Scheduler quartzScheduler_$_NON_CLUSTERED shutting down.
11:05:20.349 [SpringApplicationShutdownHook] INFO  o.q.c.QuartzScheduler - [standby,585] - Scheduler quartzScheduler_$_NON_CLUSTERED paused.
11:05:20.350 [SpringApplicationShutdownHook] INFO  o.q.c.QuartzScheduler - [shutdown,740] - Scheduler quartzScheduler_$_NON_CLUSTERED shutdown complete.
11:05:20.350 [SpringApplicationShutdownHook] INFO  sys-user - [shutdownAsyncManager,31] - ====关闭后台任务任务线程池====
11:05:20.352 [SpringApplicationShutdownHook] INFO  c.a.d.p.DruidDataSource - [close,2204] - {dataSource-1} closing ...
11:05:20.355 [SpringApplicationShutdownHook] INFO  c.a.d.p.DruidDataSource - [close,2277] - {dataSource-1} closed
11:05:22.537 [restartedMain] INFO  c.r.RuoYiApplication - [logStarting,55] - Starting RuoYiApplication using Java 17.0.15 on Jetts-MacBook.local with PID 42463 (/Users/jett/code/school/javaDesign/studentGradeBackend/ruoyi-admin/target/classes started by jett in /Users/jett/code/school/javaDesign/studentGradeBackend)
11:05:22.538 [background-preinit] INFO  o.h.v.i.util.Version - [<clinit>,21] - HV000001: Hibernate Validator 6.2.5.Final
11:05:22.538 [restartedMain] INFO  c.r.RuoYiApplication - [logStartupProfileInfo,686] - The following 1 profile is active: "druid"
11:05:23.754 [restartedMain] INFO  o.a.c.h.Http11NioProtocol - [log,173] - Initializing ProtocolHandler ["http-nio-8080"]
11:05:23.755 [restartedMain] INFO  o.a.c.c.StandardService - [log,173] - Starting service [Tomcat]
11:05:23.755 [restartedMain] INFO  o.a.c.c.StandardEngine - [log,173] - Starting Servlet engine: [Apache Tomcat/9.0.96]
11:05:23.787 [restartedMain] INFO  o.a.c.c.C.[.[.[/] - [log,173] - Initializing Spring embedded WebApplicationContext
11:05:24.433 [restartedMain] INFO  c.a.d.p.DruidDataSource - [init,1002] - {dataSource-1} inited
11:05:25.470 [restartedMain] INFO  o.q.i.StdSchedulerFactory - [instantiate,1220] - Using default implementation for ThreadExecutor
11:05:25.475 [restartedMain] INFO  o.q.c.SchedulerSignalerImpl - [<init>,61] - Initialized Scheduler Signaller of type: class org.quartz.core.SchedulerSignalerImpl
11:05:25.475 [restartedMain] INFO  o.q.c.QuartzScheduler - [<init>,229] - Quartz Scheduler v.2.3.2 created.
11:05:25.476 [restartedMain] INFO  o.q.s.RAMJobStore - [initialize,155] - RAMJobStore initialized.
11:05:25.476 [restartedMain] INFO  o.q.c.QuartzScheduler - [initialize,294] - Scheduler meta-data: Quartz Scheduler (v2.3.2) 'quartzScheduler' with instanceId 'NON_CLUSTERED'
  Scheduler class: 'org.quartz.core.QuartzScheduler' - running locally.
  NOT STARTED.
  Currently in standby mode.
  Number of jobs executed: 0
  Using thread pool 'org.quartz.simpl.SimpleThreadPool' - with 10 threads.
  Using job-store 'org.quartz.simpl.RAMJobStore' - which does not support persistence. and is not clustered.

11:05:25.476 [restartedMain] INFO  o.q.i.StdSchedulerFactory - [instantiate,1374] - Quartz scheduler 'quartzScheduler' initialized from an externally provided properties instance.
11:05:25.476 [restartedMain] INFO  o.q.i.StdSchedulerFactory - [instantiate,1378] - Quartz scheduler version: 2.3.2
11:05:25.476 [restartedMain] INFO  o.q.c.QuartzScheduler - [setJobFactory,2293] - JobFactory set to: org.springframework.scheduling.quartz.SpringBeanJobFactory@35734d6e
11:05:25.796 [restartedMain] INFO  o.a.e.i.c.ProcessEngineConfigurationImpl - [initConfigurators,1551] - Found 1 Process Engine Configurators in total:
11:05:25.796 [restartedMain] INFO  o.a.e.i.c.ProcessEngineConfigurationImpl - [initConfigurators,1553] - class org.activiti.spring.process.conf.ProcessExtensionsConfiguratorAutoConfiguration$$EnhancerBySpringCGLIB$$37d9ee50 (priority:10000)
11:05:25.796 [restartedMain] INFO  o.a.e.i.c.ProcessEngineConfigurationImpl - [configuratorsBeforeInit,1563] - Executing beforeInit() of class org.activiti.spring.process.conf.ProcessExtensionsConfiguratorAutoConfiguration$$EnhancerBySpringCGLIB$$37d9ee50 (priority:10000)
11:05:26.027 [restartedMain] INFO  o.a.e.i.c.ProcessEngineConfigurationImpl - [configuratorsAfterInit,1570] - Executing configure() of class org.activiti.spring.process.conf.ProcessExtensionsConfiguratorAutoConfiguration$$EnhancerBySpringCGLIB$$37d9ee50 (priority:10000)
11:05:26.039 [restartedMain] INFO  o.a.e.i.ProcessEngineImpl - [<init>,74] - ProcessEngine default created
11:05:26.040 [restartedMain] INFO  o.a.e.i.a.DefaultAsyncJobExecutor - [start,169] - Starting up the default async job executor [org.activiti.spring.SpringAsyncExecutor].
11:05:26.040 [Thread-4] INFO  o.a.e.i.a.AcquireAsyncJobsDueRunnable - [run,45] - {} starting to acquire async jobs due
11:05:26.040 [Thread-5] INFO  o.a.e.i.a.AcquireTimerJobsRunnable - [run,49] - {} starting to acquire async jobs due
11:05:26.040 [Thread-6] INFO  o.a.e.i.a.ResetExpiredJobsRunnable - [run,51] - {} starting to reset expired jobs
11:05:27.530 [restartedMain] INFO  o.a.c.h.Http11NioProtocol - [log,173] - Starting ProtocolHandler ["http-nio-8080"]
11:05:27.749 [restartedMain] INFO  o.a.s.AbstractActivitiSmartLifeCycle - [start,66] - Starting...
11:05:27.792 [restartedMain] INFO  o.a.s.AbstractActivitiSmartLifeCycle - [start,71] - Started.
11:05:27.792 [restartedMain] INFO  o.a.s.AbstractActivitiSmartLifeCycle - [start,66] - Starting...
11:05:27.797 [restartedMain] INFO  o.a.s.AbstractActivitiSmartLifeCycle - [start,71] - Started.
11:05:27.797 [restartedMain] INFO  o.q.c.QuartzScheduler - [start,547] - Scheduler quartzScheduler_$_NON_CLUSTERED started.
11:05:27.807 [restartedMain] INFO  c.r.RuoYiApplication - [logStarted,61] - Started RuoYiApplication in 5.473 seconds (JVM running for 6.559)
11:05:28.204 [RMI TCP Connection(3)-127.0.0.1] INFO  o.a.c.c.C.[.[.[/] - [log,173] - Initializing Spring DispatcherServlet 'dispatcherServlet'
11:07:03.932 [http-nio-8080-exec-2] INFO  c.r.x.k.s.i.KcxxServiceImpl - [deleteKcxxByKcxxIds,225] - 开始批量逻辑删除课程，课程ID数量：1
11:07:03.932 [http-nio-8080-exec-4] INFO  c.r.x.k.s.i.KcxxServiceImpl - [deleteKcxxByKcxxIds,225] - 开始批量逻辑删除课程，课程ID数量：1
11:07:03.945 [http-nio-8080-exec-2] INFO  c.r.x.k.s.i.KcxxServiceImpl - [deleteKcxxByKcxxIds,232] - 课程批量逻辑删除完成，删除数量：1
11:07:03.945 [http-nio-8080-exec-4] INFO  c.r.x.k.s.i.KcxxServiceImpl - [deleteKcxxByKcxxIds,232] - 课程批量逻辑删除完成，删除数量：1
11:07:03.977 [SpringApplicationShutdownHook] INFO  o.a.s.AbstractActivitiSmartLifeCycle - [stop,80] - Stopping...
11:07:03.978 [SpringApplicationShutdownHook] INFO  o.a.s.AbstractActivitiSmartLifeCycle - [stop,84] - Stopped.
11:07:03.978 [SpringApplicationShutdownHook] INFO  o.a.s.AbstractActivitiSmartLifeCycle - [stop,80] - Stopping...
11:07:03.978 [SpringApplicationShutdownHook] INFO  o.a.s.AbstractActivitiSmartLifeCycle - [stop,84] - Stopped.
11:07:03.978 [SpringApplicationShutdownHook] INFO  o.q.c.QuartzScheduler - [standby,585] - Scheduler quartzScheduler_$_NON_CLUSTERED paused.
11:07:03.994 [SpringApplicationShutdownHook] INFO  o.a.e.i.a.DefaultAsyncJobExecutor - [shutdown,208] - Shutting down the default async job executor [org.activiti.spring.SpringAsyncExecutor].
11:07:03.994 [activiti-reset-expired-jobs] INFO  o.a.e.i.a.ResetExpiredJobsRunnable - [run,99] - {} stopped resetting expired jobs
11:07:03.994 [activiti-acquire-timer-jobs] INFO  o.a.e.i.a.AcquireTimerJobsRunnable - [run,115] - {} stopped async job due acquisition
11:07:03.994 [activiti-acquire-async-jobs] INFO  o.a.e.i.a.AcquireAsyncJobsDueRunnable - [run,115] - {} stopped async job due acquisition
11:07:03.995 [SpringApplicationShutdownHook] INFO  o.q.c.QuartzScheduler - [shutdown,666] - Scheduler quartzScheduler_$_NON_CLUSTERED shutting down.
11:07:03.995 [SpringApplicationShutdownHook] INFO  o.q.c.QuartzScheduler - [standby,585] - Scheduler quartzScheduler_$_NON_CLUSTERED paused.
11:07:03.995 [SpringApplicationShutdownHook] INFO  o.q.c.QuartzScheduler - [shutdown,740] - Scheduler quartzScheduler_$_NON_CLUSTERED shutdown complete.
11:07:03.995 [SpringApplicationShutdownHook] INFO  sys-user - [shutdownAsyncManager,31] - ====关闭后台任务任务线程池====
11:07:03.997 [SpringApplicationShutdownHook] INFO  c.a.d.p.DruidDataSource - [close,2204] - {dataSource-1} closing ...
11:07:04.000 [SpringApplicationShutdownHook] INFO  c.a.d.p.DruidDataSource - [close,2277] - {dataSource-1} closed
11:07:06.272 [restartedMain] INFO  c.r.RuoYiApplication - [logStarting,55] - Starting RuoYiApplication using Java 17.0.15 on Jetts-MacBook.local with PID 42492 (/Users/jett/code/school/javaDesign/studentGradeBackend/ruoyi-admin/target/classes started by jett in /Users/jett/code/school/javaDesign/studentGradeBackend)
11:07:06.273 [background-preinit] INFO  o.h.v.i.util.Version - [<clinit>,21] - HV000001: Hibernate Validator 6.2.5.Final
11:07:06.273 [restartedMain] INFO  c.r.RuoYiApplication - [logStartupProfileInfo,686] - The following 1 profile is active: "druid"
11:07:07.410 [restartedMain] INFO  o.a.c.h.Http11NioProtocol - [log,173] - Initializing ProtocolHandler ["http-nio-8080"]
11:07:07.411 [restartedMain] INFO  o.a.c.c.StandardService - [log,173] - Starting service [Tomcat]
11:07:07.412 [restartedMain] INFO  o.a.c.c.StandardEngine - [log,173] - Starting Servlet engine: [Apache Tomcat/9.0.96]
11:07:07.441 [restartedMain] INFO  o.a.c.c.C.[.[.[/] - [log,173] - Initializing Spring embedded WebApplicationContext
11:07:08.044 [restartedMain] INFO  c.a.d.p.DruidDataSource - [init,1002] - {dataSource-1} inited
11:07:09.009 [restartedMain] INFO  o.q.i.StdSchedulerFactory - [instantiate,1220] - Using default implementation for ThreadExecutor
11:07:09.013 [restartedMain] INFO  o.q.c.SchedulerSignalerImpl - [<init>,61] - Initialized Scheduler Signaller of type: class org.quartz.core.SchedulerSignalerImpl
11:07:09.013 [restartedMain] INFO  o.q.c.QuartzScheduler - [<init>,229] - Quartz Scheduler v.2.3.2 created.
11:07:09.013 [restartedMain] INFO  o.q.s.RAMJobStore - [initialize,155] - RAMJobStore initialized.
11:07:09.013 [restartedMain] INFO  o.q.c.QuartzScheduler - [initialize,294] - Scheduler meta-data: Quartz Scheduler (v2.3.2) 'quartzScheduler' with instanceId 'NON_CLUSTERED'
  Scheduler class: 'org.quartz.core.QuartzScheduler' - running locally.
  NOT STARTED.
  Currently in standby mode.
  Number of jobs executed: 0
  Using thread pool 'org.quartz.simpl.SimpleThreadPool' - with 10 threads.
  Using job-store 'org.quartz.simpl.RAMJobStore' - which does not support persistence. and is not clustered.

11:07:09.013 [restartedMain] INFO  o.q.i.StdSchedulerFactory - [instantiate,1374] - Quartz scheduler 'quartzScheduler' initialized from an externally provided properties instance.
11:07:09.014 [restartedMain] INFO  o.q.i.StdSchedulerFactory - [instantiate,1378] - Quartz scheduler version: 2.3.2
11:07:09.014 [restartedMain] INFO  o.q.c.QuartzScheduler - [setJobFactory,2293] - JobFactory set to: org.springframework.scheduling.quartz.SpringBeanJobFactory@4ddaa007
11:07:09.301 [restartedMain] INFO  o.a.e.i.c.ProcessEngineConfigurationImpl - [initConfigurators,1551] - Found 1 Process Engine Configurators in total:
11:07:09.301 [restartedMain] INFO  o.a.e.i.c.ProcessEngineConfigurationImpl - [initConfigurators,1553] - class org.activiti.spring.process.conf.ProcessExtensionsConfiguratorAutoConfiguration$$EnhancerBySpringCGLIB$$1b25e8bd (priority:10000)
11:07:09.301 [restartedMain] INFO  o.a.e.i.c.ProcessEngineConfigurationImpl - [configuratorsBeforeInit,1563] - Executing beforeInit() of class org.activiti.spring.process.conf.ProcessExtensionsConfiguratorAutoConfiguration$$EnhancerBySpringCGLIB$$1b25e8bd (priority:10000)
11:07:09.520 [restartedMain] INFO  o.a.e.i.c.ProcessEngineConfigurationImpl - [configuratorsAfterInit,1570] - Executing configure() of class org.activiti.spring.process.conf.ProcessExtensionsConfiguratorAutoConfiguration$$EnhancerBySpringCGLIB$$1b25e8bd (priority:10000)
11:07:09.534 [restartedMain] INFO  o.a.e.i.ProcessEngineImpl - [<init>,74] - ProcessEngine default created
11:07:09.534 [restartedMain] INFO  o.a.e.i.a.DefaultAsyncJobExecutor - [start,169] - Starting up the default async job executor [org.activiti.spring.SpringAsyncExecutor].
11:07:09.535 [Thread-4] INFO  o.a.e.i.a.AcquireAsyncJobsDueRunnable - [run,45] - {} starting to acquire async jobs due
11:07:09.535 [Thread-5] INFO  o.a.e.i.a.AcquireTimerJobsRunnable - [run,49] - {} starting to acquire async jobs due
11:07:09.535 [Thread-6] INFO  o.a.e.i.a.ResetExpiredJobsRunnable - [run,51] - {} starting to reset expired jobs
11:07:10.878 [restartedMain] INFO  o.a.c.h.Http11NioProtocol - [log,173] - Starting ProtocolHandler ["http-nio-8080"]
11:07:11.075 [restartedMain] INFO  o.a.s.AbstractActivitiSmartLifeCycle - [start,66] - Starting...
11:07:11.115 [restartedMain] INFO  o.a.s.AbstractActivitiSmartLifeCycle - [start,71] - Started.
11:07:11.115 [restartedMain] INFO  o.a.s.AbstractActivitiSmartLifeCycle - [start,66] - Starting...
11:07:11.120 [restartedMain] INFO  o.a.s.AbstractActivitiSmartLifeCycle - [start,71] - Started.
11:07:11.120 [restartedMain] INFO  o.q.c.QuartzScheduler - [start,547] - Scheduler quartzScheduler_$_NON_CLUSTERED started.
11:07:11.129 [restartedMain] INFO  c.r.RuoYiApplication - [logStarted,61] - Started RuoYiApplication in 5.039 seconds (JVM running for 5.569)
11:07:11.235 [RMI TCP Connection(1)-127.0.0.1] INFO  o.a.c.c.C.[.[.[/] - [log,173] - Initializing Spring DispatcherServlet 'dispatcherServlet'
11:10:37.639 [schedule-pool-1] INFO  sys-user - [run,55] - [127.0.0.1]内网IP[admin][Success][登录成功]
11:11:04.163 [http-nio-8080-exec-8] INFO  c.r.x.k.s.i.KcxxServiceImpl - [deleteKcxxByKcxxIds,225] - 开始批量逻辑删除课程，课程ID数量：1
11:11:33.531 [http-nio-8080-exec-9] INFO  c.r.x.k.s.i.KcxxServiceImpl - [deleteKcxxByKcxxIds,225] - 开始批量逻辑删除课程，课程ID数量：1
11:11:33.534 [http-nio-8080-exec-9] INFO  c.r.x.k.s.i.KcxxServiceImpl - [deleteKcxxByKcxxIds,232] - 课程批量逻辑删除完成，删除数量：1
11:11:58.488 [SpringApplicationShutdownHook] INFO  o.a.s.AbstractActivitiSmartLifeCycle - [stop,80] - Stopping...
11:11:58.488 [SpringApplicationShutdownHook] INFO  o.a.s.AbstractActivitiSmartLifeCycle - [stop,84] - Stopped.
11:11:58.488 [SpringApplicationShutdownHook] INFO  o.a.s.AbstractActivitiSmartLifeCycle - [stop,80] - Stopping...
11:11:58.488 [SpringApplicationShutdownHook] INFO  o.a.s.AbstractActivitiSmartLifeCycle - [stop,84] - Stopped.
11:11:58.488 [SpringApplicationShutdownHook] INFO  o.q.c.QuartzScheduler - [standby,585] - Scheduler quartzScheduler_$_NON_CLUSTERED paused.
11:11:58.505 [SpringApplicationShutdownHook] INFO  o.a.e.i.a.DefaultAsyncJobExecutor - [shutdown,208] - Shutting down the default async job executor [org.activiti.spring.SpringAsyncExecutor].
11:11:58.505 [activiti-acquire-timer-jobs] INFO  o.a.e.i.a.AcquireTimerJobsRunnable - [run,115] - {} stopped async job due acquisition
11:11:58.505 [activiti-reset-expired-jobs] INFO  o.a.e.i.a.ResetExpiredJobsRunnable - [run,99] - {} stopped resetting expired jobs
11:11:58.505 [activiti-acquire-async-jobs] INFO  o.a.e.i.a.AcquireAsyncJobsDueRunnable - [run,115] - {} stopped async job due acquisition
11:11:58.506 [SpringApplicationShutdownHook] INFO  o.q.c.QuartzScheduler - [shutdown,666] - Scheduler quartzScheduler_$_NON_CLUSTERED shutting down.
11:11:58.506 [SpringApplicationShutdownHook] INFO  o.q.c.QuartzScheduler - [standby,585] - Scheduler quartzScheduler_$_NON_CLUSTERED paused.
11:11:58.506 [SpringApplicationShutdownHook] INFO  o.q.c.QuartzScheduler - [shutdown,740] - Scheduler quartzScheduler_$_NON_CLUSTERED shutdown complete.
11:11:58.506 [SpringApplicationShutdownHook] INFO  sys-user - [shutdownAsyncManager,31] - ====关闭后台任务任务线程池====
11:11:58.509 [SpringApplicationShutdownHook] INFO  c.a.d.p.DruidDataSource - [close,2204] - {dataSource-1} closing ...
11:11:58.512 [SpringApplicationShutdownHook] INFO  c.a.d.p.DruidDataSource - [close,2277] - {dataSource-1} closed
